<?xml version="1.0" encoding="UTF-8"?>
<testng-results skipped="0" failed="1" ignored="0" total="4" passed="3">
  <reporter-output>
  </reporter-output>
  <suite name="Default suite" duration-ms="28936" started-at="2018-06-29T11:30:07Z" finished-at="2018-06-29T11:30:35Z">
    <groups>
    </groups>
    <test name="Default test" duration-ms="28936" started-at="2018-06-29T11:30:07Z" finished-at="2018-06-29T11:30:35Z">
      <class name="com.Automation.MainHrisTestOfMethods.HrisTest">
        <test-method status="PASS" signature="Launch_Browser()[pri:0, instance:com.Automation.MainHrisTestOfMethods.HrisTest@1caeb3e]" name="Launch_Browser" is-config="true" duration-ms="11892" started-at="2018-06-29T11:30:07Z" finished-at="2018-06-29T11:30:18Z">
          <reporter-output>
          </reporter-output>
        </test-method> <!-- Launch_Browser -->
        <test-method status="PASS" signature="click_Login()[pri:0, instance:com.Automation.MainHrisTestOfMethods.HrisTest@1caeb3e]" name="click_Login" duration-ms="267" started-at="2018-06-29T11:30:18Z" finished-at="2018-06-29T11:30:19Z">
          <reporter-output>
          </reporter-output>
        </test-method> <!-- click_Login -->
        <test-method status="PASS" signature="Login_Through_InValid_Password()[pri:1, instance:com.Automation.MainHrisTestOfMethods.HrisTest@1caeb3e]" name="Login_Through_InValid_Password" duration-ms="1675" started-at="2018-06-29T11:30:19Z" finished-at="2018-06-29T11:30:20Z">
          <reporter-output>
          </reporter-output>
        </test-method> <!-- Login_Through_InValid_Password -->
        <test-method status="FAIL" signature="Login_Blank_Credentials()[pri:2, instance:com.Automation.MainHrisTestOfMethods.HrisTest@1caeb3e]" name="Login_Blank_Credentials" duration-ms="796" started-at="2018-06-29T11:30:20Z" finished-at="2018-06-29T11:30:21Z">
          <exception class="junit.framework.AssertionFailedError">
            <full-stacktrace>
              <![CDATA[junit.framework.AssertionFailedError
at junit.framework.Assert.fail(Assert.java:48)
at junit.framework.Assert.assertTrue(Assert.java:20)
at junit.framework.Assert.assertTrue(Assert.java:27)
at com.Automation.MainHrisTestOfMethods.Login_Blank_Credentials.Blank_Field(Login_Blank_Credentials.java:17)
at com.Automation.MainHrisTestOfMethods.HrisTest.Login_Blank_Credentials(HrisTest.java:41)
at sun.reflect.NativeMethodAccessorImpl.invoke0(Native Method)
at sun.reflect.NativeMethodAccessorImpl.invoke(Unknown Source)
at sun.reflect.DelegatingMethodAccessorImpl.invoke(Unknown Source)
at java.lang.reflect.Method.invoke(Unknown Source)
at org.testng.internal.MethodInvocationHelper.invokeMethod(MethodInvocationHelper.java:124)
at org.testng.internal.Invoker.invokeMethod(Invoker.java:580)
at org.testng.internal.Invoker.invokeTestMethod(Invoker.java:716)
at org.testng.internal.Invoker.invokeTestMethods(Invoker.java:988)
at org.testng.internal.TestMethodWorker.invokeTestMethods(TestMethodWorker.java:125)
at org.testng.internal.TestMethodWorker.run(TestMethodWorker.java:109)
at org.testng.TestRunner.privateRun(TestRunner.java:648)
at org.testng.TestRunner.run(TestRunner.java:505)
at org.testng.SuiteRunner.runTest(SuiteRunner.java:455)
at org.testng.SuiteRunner.runSequentially(SuiteRunner.java:450)
at org.testng.SuiteRunner.privateRun(SuiteRunner.java:415)
at org.testng.SuiteRunner.run(SuiteRunner.java:364)
at org.testng.SuiteRunnerWorker.runSuite(SuiteRunnerWorker.java:52)
at org.testng.SuiteRunnerWorker.run(SuiteRunnerWorker.java:84)
at org.testng.TestNG.runSuitesSequentially(TestNG.java:1208)
at org.testng.TestNG.runSuitesLocally(TestNG.java:1137)
at org.testng.TestNG.runSuites(TestNG.java:1049)
at org.testng.TestNG.run(TestNG.java:1017)
at org.testng.remote.AbstractRemoteTestNG.run(AbstractRemoteTestNG.java:114)
at org.testng.remote.RemoteTestNG.initAndRun(RemoteTestNG.java:251)
at org.testng.remote.RemoteTestNG.main(RemoteTestNG.java:77)
]]>
            </full-stacktrace>
          </exception> <!-- junit.framework.AssertionFailedError -->
          <reporter-output>
          </reporter-output>
        </test-method> <!-- Login_Blank_Credentials -->
        <test-method status="PASS" signature="Login_Correct_Credentials()[pri:3, instance:com.Automation.MainHrisTestOfMethods.HrisTest@1caeb3e]" name="Login_Correct_Credentials" duration-ms="14263" started-at="2018-06-29T11:30:21Z" finished-at="2018-06-29T11:30:35Z">
          <reporter-output>
          </reporter-output>
        </test-method> <!-- Login_Correct_Credentials -->
        <test-method status="PASS" signature="afterClass()[pri:0, instance:com.Automation.MainHrisTestOfMethods.HrisTest@1caeb3e]" name="afterClass" is-config="true" duration-ms="0" started-at="2018-06-29T11:30:35Z" finished-at="2018-06-29T11:30:35Z">
          <reporter-output>
          </reporter-output>
        </test-method> <!-- afterClass -->
      </class> <!-- com.Automation.MainHrisTestOfMethods.HrisTest -->
    </test> <!-- Default test -->
  </suite> <!-- Default suite -->
</testng-results>
